avr. 28, 2016 12:37:59 AM org.apache.catalina.core.StandardWrapperValve invoke
GRAVE: "Servlet.service()" pour la servlet ServletConnexion a généré une exception
javax.ejb.EJBException: The bean encountered a non-application exception; nested exception is: 
	java.lang.NullPointerException
	at org.apache.openejb.core.ivm.BaseEjbProxyHandler.convertException(BaseEjbProxyHandler.java:408)
	at org.apache.openejb.core.ivm.BaseEjbProxyHandler.invoke(BaseEjbProxyHandler.java:312)
	at com.sun.proxy.$Proxy104.initSession(Unknown Source)
	at ServletConnexion.doGet(ServletConnexion.java:25)
	at javax.servlet.http.HttpServlet.service(HttpServlet.java:620)
	at javax.servlet.http.HttpServlet.service(HttpServlet.java:727)
	at org.apache.catalina.core.ApplicationFilterChain.internalDoFilter(ApplicationFilterChain.java:303)
	at org.apache.catalina.core.ApplicationFilterChain.doFilter(ApplicationFilterChain.java:208)
	at org.apache.tomcat.websocket.server.WsFilter.doFilter(WsFilter.java:52)
	at org.apache.catalina.core.ApplicationFilterChain.internalDoFilter(ApplicationFilterChain.java:241)
	at org.apache.catalina.core.ApplicationFilterChain.doFilter(ApplicationFilterChain.java:208)
	at org.apache.catalina.core.StandardWrapperValve.invoke(StandardWrapperValve.java:220)
	at org.apache.catalina.core.StandardContextValve.invoke(StandardContextValve.java:122)
	at org.apache.tomee.catalina.OpenEJBValve.invoke(OpenEJBValve.java:44)
	at org.apache.tomee.catalina.OpenEJBValve.invoke(OpenEJBValve.java:44)
	at org.apache.tomee.catalina.OpenEJBValve.invoke(OpenEJBValve.java:44)
	at org.apache.tomee.catalina.OpenEJBValve.invoke(OpenEJBValve.java:44)
	at org.apache.tomee.catalina.OpenEJBValve.invoke(OpenEJBValve.java:44)
	at org.apache.tomee.catalina.OpenEJBValve.invoke(OpenEJBValve.java:44)
	at org.apache.tomee.catalina.OpenEJBValve.invoke(OpenEJBValve.java:44)
	at org.apache.tomee.catalina.OpenEJBValve.invoke(OpenEJBValve.java:44)
	at org.apache.tomee.catalina.OpenEJBValve.invoke(OpenEJBValve.java:44)
	at org.apache.tomee.catalina.OpenEJBValve.invoke(OpenEJBValve.java:44)
	at org.apache.tomee.catalina.OpenEJBValve.invoke(OpenEJBValve.java:44)
	at org.apache.tomee.catalina.OpenEJBValve.invoke(OpenEJBValve.java:44)
	at org.apache.tomee.catalina.OpenEJBValve.invoke(OpenEJBValve.java:44)
	at org.apache.tomee.catalina.OpenEJBValve.invoke(OpenEJBValve.java:44)
	at org.apache.tomee.catalina.OpenEJBValve.invoke(OpenEJBValve.java:44)
	at org.apache.tomee.catalina.OpenEJBValve.invoke(OpenEJBValve.java:44)
	at org.apache.tomee.catalina.OpenEJBValve.invoke(OpenEJBValve.java:44)
	at org.apache.tomee.catalina.OpenEJBValve.invoke(OpenEJBValve.java:44)
	at org.apache.tomee.catalina.OpenEJBValve.invoke(OpenEJBValve.java:44)
	at org.apache.tomee.catalina.OpenEJBValve.invoke(OpenEJBValve.java:44)
	at org.apache.tomee.catalina.OpenEJBValve.invoke(OpenEJBValve.java:44)
	at org.apache.tomee.catalina.OpenEJBValve.invoke(OpenEJBValve.java:44)
	at org.apache.catalina.authenticator.AuthenticatorBase.invoke(AuthenticatorBase.java:501)
	at org.apache.catalina.core.StandardHostValve.invoke(StandardHostValve.java:171)
	at org.apache.catalina.valves.ErrorReportValve.invoke(ErrorReportValve.java:103)
	at org.apache.catalina.valves.AccessLogValve.invoke(AccessLogValve.java:950)
	at org.apache.catalina.core.StandardEngineValve.invoke(StandardEngineValve.java:116)
	at org.apache.catalina.connector.CoyoteAdapter.service(CoyoteAdapter.java:408)
	at org.apache.coyote.http11.AbstractHttp11Processor.process(AbstractHttp11Processor.java:1070)
	at org.apache.coyote.AbstractProtocol$AbstractConnectionHandler.process(AbstractProtocol.java:611)
	at org.apache.tomcat.util.net.JIoEndpoint$SocketProcessor.run(JIoEndpoint.java:316)
	at java.util.concurrent.ThreadPoolExecutor.runWorker(ThreadPoolExecutor.java:1142)
	at java.util.concurrent.ThreadPoolExecutor$Worker.run(ThreadPoolExecutor.java:617)
	at org.apache.tomcat.util.threads.TaskThread$WrappingRunnable.run(TaskThread.java:61)
	at java.lang.Thread.run(Thread.java:745)
Caused by: java.lang.NullPointerException
	at MaSession.initSession(MaSession.java:26)
	at sun.reflect.NativeMethodAccessorImpl.invoke0(Native Method)
	at sun.reflect.NativeMethodAccessorImpl.invoke(NativeMethodAccessorImpl.java:62)
	at sun.reflect.DelegatingMethodAccessorImpl.invoke(DelegatingMethodAccessorImpl.java:43)
	at java.lang.reflect.Method.invoke(Method.java:497)
	at org.apache.openejb.core.interceptor.ReflectionInvocationContext$Invocation.invoke(ReflectionInvocationContext.java:192)
	at org.apache.openejb.core.interceptor.ReflectionInvocationContext.proceed(ReflectionInvocationContext.java:173)
	at org.apache.openejb.monitoring.StatsInterceptor.record(StatsInterceptor.java:181)
	at org.apache.openejb.monitoring.StatsInterceptor.invoke(StatsInterceptor.java:100)
	at sun.reflect.NativeMethodAccessorImpl.invoke0(Native Method)
	at sun.reflect.NativeMethodAccessorImpl.invoke(NativeMethodAccessorImpl.java:62)
	at sun.reflect.DelegatingMethodAccessorImpl.invoke(DelegatingMethodAccessorImpl.java:43)
	at java.lang.reflect.Method.invoke(Method.java:497)
	at org.apache.openejb.core.interceptor.ReflectionInvocationContext$Invocation.invoke(ReflectionInvocationContext.java:192)
	at org.apache.openejb.core.interceptor.ReflectionInvocationContext.proceed(ReflectionInvocationContext.java:173)
	at org.apache.openejb.core.interceptor.InterceptorStack.invoke(InterceptorStack.java:85)
	at org.apache.openejb.core.stateless.StatelessContainer._invoke(StatelessContainer.java:227)
	at org.apache.openejb.core.stateless.StatelessContainer.invoke(StatelessContainer.java:194)
	at org.apache.openejb.core.ivm.EjbObjectProxyHandler.synchronizedBusinessMethod(EjbObjectProxyHandler.java:308)
	at org.apache.openejb.core.ivm.EjbObjectProxyHandler.businessMethod(EjbObjectProxyHandler.java:303)
	at org.apache.openejb.core.ivm.EjbObjectProxyHandler._invoke(EjbObjectProxyHandler.java:92)
	at org.apache.openejb.core.ivm.BaseEjbProxyHandler.invoke(BaseEjbProxyHandler.java:308)
	... 46 more

avr. 28, 2016 12:40:11 AM org.apache.catalina.core.StandardWrapperValve invoke
GRAVE: "Servlet.service()" pour la servlet ServletConnexion a généré une exception
javax.ejb.EJBException: The bean encountered a non-application exception; nested exception is: 
	java.lang.NullPointerException
	at org.apache.openejb.core.ivm.BaseEjbProxyHandler.convertException(BaseEjbProxyHandler.java:408)
	at org.apache.openejb.core.ivm.BaseEjbProxyHandler.invoke(BaseEjbProxyHandler.java:312)
	at com.sun.proxy.$Proxy104.initSession(Unknown Source)
	at ServletConnexion.doGet(ServletConnexion.java:25)
	at javax.servlet.http.HttpServlet.service(HttpServlet.java:620)
	at javax.servlet.http.HttpServlet.service(HttpServlet.java:727)
	at org.apache.catalina.core.ApplicationFilterChain.internalDoFilter(ApplicationFilterChain.java:303)
	at org.apache.catalina.core.ApplicationFilterChain.doFilter(ApplicationFilterChain.java:208)
	at org.apache.tomcat.websocket.server.WsFilter.doFilter(WsFilter.java:52)
	at org.apache.catalina.core.ApplicationFilterChain.internalDoFilter(ApplicationFilterChain.java:241)
	at org.apache.catalina.core.ApplicationFilterChain.doFilter(ApplicationFilterChain.java:208)
	at org.apache.catalina.core.StandardWrapperValve.invoke(StandardWrapperValve.java:220)
	at org.apache.catalina.core.StandardContextValve.invoke(StandardContextValve.java:122)
	at org.apache.tomee.catalina.OpenEJBValve.invoke(OpenEJBValve.java:44)
	at org.apache.tomee.catalina.OpenEJBValve.invoke(OpenEJBValve.java:44)
	at org.apache.tomee.catalina.OpenEJBValve.invoke(OpenEJBValve.java:44)
	at org.apache.tomee.catalina.OpenEJBValve.invoke(OpenEJBValve.java:44)
	at org.apache.tomee.catalina.OpenEJBValve.invoke(OpenEJBValve.java:44)
	at org.apache.tomee.catalina.OpenEJBValve.invoke(OpenEJBValve.java:44)
	at org.apache.tomee.catalina.OpenEJBValve.invoke(OpenEJBValve.java:44)
	at org.apache.tomee.catalina.OpenEJBValve.invoke(OpenEJBValve.java:44)
	at org.apache.tomee.catalina.OpenEJBValve.invoke(OpenEJBValve.java:44)
	at org.apache.tomee.catalina.OpenEJBValve.invoke(OpenEJBValve.java:44)
	at org.apache.tomee.catalina.OpenEJBValve.invoke(OpenEJBValve.java:44)
	at org.apache.tomee.catalina.OpenEJBValve.invoke(OpenEJBValve.java:44)
	at org.apache.tomee.catalina.OpenEJBValve.invoke(OpenEJBValve.java:44)
	at org.apache.tomee.catalina.OpenEJBValve.invoke(OpenEJBValve.java:44)
	at org.apache.tomee.catalina.OpenEJBValve.invoke(OpenEJBValve.java:44)
	at org.apache.tomee.catalina.OpenEJBValve.invoke(OpenEJBValve.java:44)
	at org.apache.tomee.catalina.OpenEJBValve.invoke(OpenEJBValve.java:44)
	at org.apache.tomee.catalina.OpenEJBValve.invoke(OpenEJBValve.java:44)
	at org.apache.tomee.catalina.OpenEJBValve.invoke(OpenEJBValve.java:44)
	at org.apache.tomee.catalina.OpenEJBValve.invoke(OpenEJBValve.java:44)
	at org.apache.tomee.catalina.OpenEJBValve.invoke(OpenEJBValve.java:44)
	at org.apache.tomee.catalina.OpenEJBValve.invoke(OpenEJBValve.java:44)
	at org.apache.catalina.authenticator.AuthenticatorBase.invoke(AuthenticatorBase.java:501)
	at org.apache.catalina.core.StandardHostValve.invoke(StandardHostValve.java:171)
	at org.apache.catalina.valves.ErrorReportValve.invoke(ErrorReportValve.java:103)
	at org.apache.catalina.valves.AccessLogValve.invoke(AccessLogValve.java:950)
	at org.apache.catalina.core.StandardEngineValve.invoke(StandardEngineValve.java:116)
	at org.apache.catalina.connector.CoyoteAdapter.service(CoyoteAdapter.java:408)
	at org.apache.coyote.http11.AbstractHttp11Processor.process(AbstractHttp11Processor.java:1070)
	at org.apache.coyote.AbstractProtocol$AbstractConnectionHandler.process(AbstractProtocol.java:611)
	at org.apache.tomcat.util.net.JIoEndpoint$SocketProcessor.run(JIoEndpoint.java:314)
	at java.util.concurrent.ThreadPoolExecutor.runWorker(ThreadPoolExecutor.java:1142)
	at java.util.concurrent.ThreadPoolExecutor$Worker.run(ThreadPoolExecutor.java:617)
	at org.apache.tomcat.util.threads.TaskThread$WrappingRunnable.run(TaskThread.java:61)
	at java.lang.Thread.run(Thread.java:745)
Caused by: java.lang.NullPointerException
	at MaSession.initSession(MaSession.java:26)
	at sun.reflect.NativeMethodAccessorImpl.invoke0(Native Method)
	at sun.reflect.NativeMethodAccessorImpl.invoke(NativeMethodAccessorImpl.java:62)
	at sun.reflect.DelegatingMethodAccessorImpl.invoke(DelegatingMethodAccessorImpl.java:43)
	at java.lang.reflect.Method.invoke(Method.java:497)
	at org.apache.openejb.core.interceptor.ReflectionInvocationContext$Invocation.invoke(ReflectionInvocationContext.java:192)
	at org.apache.openejb.core.interceptor.ReflectionInvocationContext.proceed(ReflectionInvocationContext.java:173)
	at org.apache.openejb.monitoring.StatsInterceptor.record(StatsInterceptor.java:181)
	at org.apache.openejb.monitoring.StatsInterceptor.invoke(StatsInterceptor.java:100)
	at sun.reflect.NativeMethodAccessorImpl.invoke0(Native Method)
	at sun.reflect.NativeMethodAccessorImpl.invoke(NativeMethodAccessorImpl.java:62)
	at sun.reflect.DelegatingMethodAccessorImpl.invoke(DelegatingMethodAccessorImpl.java:43)
	at java.lang.reflect.Method.invoke(Method.java:497)
	at org.apache.openejb.core.interceptor.ReflectionInvocationContext$Invocation.invoke(ReflectionInvocationContext.java:192)
	at org.apache.openejb.core.interceptor.ReflectionInvocationContext.proceed(ReflectionInvocationContext.java:173)
	at org.apache.openejb.core.interceptor.InterceptorStack.invoke(InterceptorStack.java:85)
	at org.apache.openejb.core.stateless.StatelessContainer._invoke(StatelessContainer.java:227)
	at org.apache.openejb.core.stateless.StatelessContainer.invoke(StatelessContainer.java:194)
	at org.apache.openejb.core.ivm.EjbObjectProxyHandler.synchronizedBusinessMethod(EjbObjectProxyHandler.java:308)
	at org.apache.openejb.core.ivm.EjbObjectProxyHandler.businessMethod(EjbObjectProxyHandler.java:303)
	at org.apache.openejb.core.ivm.EjbObjectProxyHandler._invoke(EjbObjectProxyHandler.java:92)
	at org.apache.openejb.core.ivm.BaseEjbProxyHandler.invoke(BaseEjbProxyHandler.java:308)
	... 46 more

avr. 28, 2016 12:42:25 AM org.apache.catalina.core.ApplicationContext log
INFOS: La servlet ServletDisplayBooks est marqué comme indisponible
avr. 28, 2016 12:42:25 AM org.apache.catalina.core.StandardContext loadOnStartup
GRAVE: La servlet  a généré une exception "load()"
java.lang.Error: Unresolved compilation problems: 
	Syntax error on token(s), misplaced construct(s)
	Syntax error on token "setAttribute", invalid AnnotationName
	Syntax error on tokens, delete these tokens
	Syntax error on token "}", delete this token

	at ServletDisplayBooks.<init>(ServletDisplayBooks.java:34)
	at sun.reflect.NativeConstructorAccessorImpl.newInstance0(Native Method)
	at sun.reflect.NativeConstructorAccessorImpl.newInstance(NativeConstructorAccessorImpl.java:62)
	at sun.reflect.DelegatingConstructorAccessorImpl.newInstance(DelegatingConstructorAccessorImpl.java:45)
	at java.lang.reflect.Constructor.newInstance(Constructor.java:422)
	at org.apache.webbeans.inject.InjectableConstructor.doInjection(InjectableConstructor.java:72)
	at org.apache.webbeans.portable.InjectionTargetImpl.newInstance(InjectionTargetImpl.java:178)
	at org.apache.webbeans.portable.InjectionTargetImpl.produce(InjectionTargetImpl.java:161)
	at org.apache.webbeans.portable.AbstractProducer.produce(AbstractProducer.java:182)
	at org.apache.webbeans.component.AbstractOwbBean.create(AbstractOwbBean.java:121)
	at org.apache.openejb.core.WebContext.newInstance(WebContext.java:138)
	at org.apache.tomee.catalina.JavaeeInstanceManager.newInstance(JavaeeInstanceManager.java:46)
	at org.apache.tomee.catalina.JavaeeInstanceManager.newInstance(JavaeeInstanceManager.java:66)
	at org.apache.tomee.catalina.JavaeeInstanceManager.newInstance(JavaeeInstanceManager.java:61)
	at org.apache.catalina.core.StandardWrapper.loadServlet(StandardWrapper.java:1148)
	at org.apache.catalina.core.StandardWrapper.load(StandardWrapper.java:1087)
	at org.apache.catalina.core.StandardContext.loadOnStartup(StandardContext.java:5229)
	at org.apache.catalina.core.StandardContext.startInternal(StandardContext.java:5516)
	at org.apache.catalina.util.LifecycleBase.start(LifecycleBase.java:150)
	at org.apache.catalina.core.StandardContext.reload(StandardContext.java:4007)
	at org.apache.catalina.loader.WebappLoader.backgroundProcess(WebappLoader.java:425)
	at org.apache.tomee.catalina.ProvisioningWebappLoader.backgroundProcess(ProvisioningWebappLoader.java:59)
	at org.apache.tomee.catalina.LazyStopLoader.backgroundProcess(LazyStopLoader.java:105)
	at org.apache.catalina.core.ContainerBase.backgroundProcess(ContainerBase.java:1345)
	at org.apache.catalina.core.ContainerBase$ContainerBackgroundProcessor.processChildren(ContainerBase.java:1546)
	at org.apache.catalina.core.ContainerBase$ContainerBackgroundProcessor.processChildren(ContainerBase.java:1556)
	at org.apache.catalina.core.ContainerBase$ContainerBackgroundProcessor.processChildren(ContainerBase.java:1556)
	at org.apache.catalina.core.ContainerBase$ContainerBackgroundProcessor.run(ContainerBase.java:1524)
	at java.lang.Thread.run(Thread.java:745)

avr. 28, 2016 12:44:48 AM org.apache.catalina.core.StandardWrapperValve invoke
GRAVE: "Servlet.service()" pour la servlet ServletInit a généré une exception
javax.ejb.EJBException: The bean encountered a non-application exception; nested exception is: 
	<openjpa-2.4.0-nonfinal-1598334-r422266:1599166 nonfatal general error> org.apache.openjpa.persistence.PersistenceException: unexpected token: ORDER {stmnt 609110541 CREATE TABLE Order (id BIGINT NOT NULL, PRIMARY KEY (id))} [code=-5581, state=42581]
	at org.apache.openejb.core.ivm.BaseEjbProxyHandler.convertException(BaseEjbProxyHandler.java:408)
	at org.apache.openejb.core.ivm.BaseEjbProxyHandler.invoke(BaseEjbProxyHandler.java:312)
	at com.sun.proxy.$Proxy112.resetDB(Unknown Source)
	at ServletInit.doGet(ServletInit.java:24)
	at javax.servlet.http.HttpServlet.service(HttpServlet.java:620)
	at javax.servlet.http.HttpServlet.service(HttpServlet.java:727)
	at org.apache.catalina.core.ApplicationFilterChain.internalDoFilter(ApplicationFilterChain.java:303)
	at org.apache.catalina.core.ApplicationFilterChain.doFilter(ApplicationFilterChain.java:208)
	at org.apache.tomcat.websocket.server.WsFilter.doFilter(WsFilter.java:52)
	at org.apache.catalina.core.ApplicationFilterChain.internalDoFilter(ApplicationFilterChain.java:241)
	at org.apache.catalina.core.ApplicationFilterChain.doFilter(ApplicationFilterChain.java:208)
	at org.apache.catalina.core.StandardWrapperValve.invoke(StandardWrapperValve.java:220)
	at org.apache.catalina.core.StandardContextValve.invoke(StandardContextValve.java:122)
	at org.apache.tomee.catalina.OpenEJBValve.invoke(OpenEJBValve.java:44)
	at org.apache.tomee.catalina.OpenEJBValve.invoke(OpenEJBValve.java:44)
	at org.apache.tomee.catalina.OpenEJBValve.invoke(OpenEJBValve.java:44)
	at org.apache.tomee.catalina.OpenEJBValve.invoke(OpenEJBValve.java:44)
	at org.apache.tomee.catalina.OpenEJBValve.invoke(OpenEJBValve.java:44)
	at org.apache.tomee.catalina.OpenEJBValve.invoke(OpenEJBValve.java:44)
	at org.apache.tomee.catalina.OpenEJBValve.invoke(OpenEJBValve.java:44)
	at org.apache.tomee.catalina.OpenEJBValve.invoke(OpenEJBValve.java:44)
	at org.apache.tomee.catalina.OpenEJBValve.invoke(OpenEJBValve.java:44)
	at org.apache.tomee.catalina.OpenEJBValve.invoke(OpenEJBValve.java:44)
	at org.apache.tomee.catalina.OpenEJBValve.invoke(OpenEJBValve.java:44)
	at org.apache.tomee.catalina.OpenEJBValve.invoke(OpenEJBValve.java:44)
	at org.apache.tomee.catalina.OpenEJBValve.invoke(OpenEJBValve.java:44)
	at org.apache.tomee.catalina.OpenEJBValve.invoke(OpenEJBValve.java:44)
	at org.apache.tomee.catalina.OpenEJBValve.invoke(OpenEJBValve.java:44)
	at org.apache.tomee.catalina.OpenEJBValve.invoke(OpenEJBValve.java:44)
	at org.apache.tomee.catalina.OpenEJBValve.invoke(OpenEJBValve.java:44)
	at org.apache.tomee.catalina.OpenEJBValve.invoke(OpenEJBValve.java:44)
	at org.apache.tomee.catalina.OpenEJBValve.invoke(OpenEJBValve.java:44)
	at org.apache.tomee.catalina.OpenEJBValve.invoke(OpenEJBValve.java:44)
	at org.apache.tomee.catalina.OpenEJBValve.invoke(OpenEJBValve.java:44)
	at org.apache.tomee.catalina.OpenEJBValve.invoke(OpenEJBValve.java:44)
	at org.apache.tomee.catalina.OpenEJBValve.invoke(OpenEJBValve.java:44)
	at org.apache.tomee.catalina.OpenEJBValve.invoke(OpenEJBValve.java:44)
	at org.apache.tomee.catalina.OpenEJBValve.invoke(OpenEJBValve.java:44)
	at org.apache.catalina.authenticator.AuthenticatorBase.invoke(AuthenticatorBase.java:501)
	at org.apache.catalina.core.StandardHostValve.invoke(StandardHostValve.java:171)
	at org.apache.catalina.valves.ErrorReportValve.invoke(ErrorReportValve.java:103)
	at org.apache.catalina.valves.AccessLogValve.invoke(AccessLogValve.java:950)
	at org.apache.catalina.core.StandardEngineValve.invoke(StandardEngineValve.java:116)
	at org.apache.catalina.connector.CoyoteAdapter.service(CoyoteAdapter.java:408)
	at org.apache.coyote.http11.AbstractHttp11Processor.process(AbstractHttp11Processor.java:1070)
	at org.apache.coyote.AbstractProtocol$AbstractConnectionHandler.process(AbstractProtocol.java:611)
	at org.apache.tomcat.util.net.JIoEndpoint$SocketProcessor.run(JIoEndpoint.java:316)
	at java.util.concurrent.ThreadPoolExecutor.runWorker(ThreadPoolExecutor.java:1142)
	at java.util.concurrent.ThreadPoolExecutor$Worker.run(ThreadPoolExecutor.java:617)
	at org.apache.tomcat.util.threads.TaskThread$WrappingRunnable.run(TaskThread.java:61)
	at java.lang.Thread.run(Thread.java:745)
Caused by: <openjpa-2.4.0-nonfinal-1598334-r422266:1599166 nonfatal general error> org.apache.openjpa.persistence.PersistenceException: unexpected token: ORDER {stmnt 609110541 CREATE TABLE Order (id BIGINT NOT NULL, PRIMARY KEY (id))} [code=-5581, state=42581]
	at org.apache.openjpa.jdbc.meta.MappingTool.record(MappingTool.java:559)
	at org.apache.openjpa.jdbc.meta.MappingTool.record(MappingTool.java:455)
	at org.apache.openjpa.jdbc.kernel.JDBCBrokerFactory.synchronizeMappings(JDBCBrokerFactory.java:160)
	at org.apache.openjpa.jdbc.kernel.JDBCBrokerFactory.synchronizeMappings(JDBCBrokerFactory.java:164)
	at org.apache.openjpa.jdbc.kernel.JDBCBrokerFactory.newBrokerImpl(JDBCBrokerFactory.java:122)
	at org.apache.openjpa.kernel.AbstractBrokerFactory.newBroker(AbstractBrokerFactory.java:208)
	at org.apache.openjpa.kernel.DelegatingBrokerFactory.newBroker(DelegatingBrokerFactory.java:155)
	at org.apache.openjpa.persistence.EntityManagerFactoryImpl.createEntityManager(EntityManagerFactoryImpl.java:226)
	at org.apache.openjpa.persistence.EntityManagerFactoryImpl.createEntityManager(EntityManagerFactoryImpl.java:59)
	at org.apache.openejb.assembler.classic.ReloadableEntityManagerFactory.createEntityManager(ReloadableEntityManagerFactory.java:160)
	at org.apache.openejb.persistence.JtaEntityManagerRegistry.getEntityManager(JtaEntityManagerRegistry.java:119)
	at org.apache.openejb.persistence.JtaEntityManager.getEntityManager(JtaEntityManager.java:96)
	at org.apache.openejb.persistence.JtaEntityManager.proxyIfNoTx(JtaEntityManager.java:326)
	at org.apache.openejb.persistence.JtaEntityManager.createQuery(JtaEntityManager.java:280)
	at BookBean.getBooks(BookBean.java:44)
	at BookBean.resetDB(BookBean.java:50)
	at sun.reflect.NativeMethodAccessorImpl.invoke0(Native Method)
	at sun.reflect.NativeMethodAccessorImpl.invoke(NativeMethodAccessorImpl.java:62)
	at sun.reflect.DelegatingMethodAccessorImpl.invoke(DelegatingMethodAccessorImpl.java:43)
	at java.lang.reflect.Method.invoke(Method.java:497)
	at org.apache.openejb.core.interceptor.ReflectionInvocationContext$Invocation.invoke(ReflectionInvocationContext.java:192)
	at org.apache.openejb.core.interceptor.ReflectionInvocationContext.proceed(ReflectionInvocationContext.java:173)
	at org.apache.openejb.monitoring.StatsInterceptor.record(StatsInterceptor.java:181)
	at org.apache.openejb.monitoring.StatsInterceptor.invoke(StatsInterceptor.java:100)
	at sun.reflect.NativeMethodAccessorImpl.invoke0(Native Method)
	at sun.reflect.NativeMethodAccessorImpl.invoke(NativeMethodAccessorImpl.java:62)
	at sun.reflect.DelegatingMethodAccessorImpl.invoke(DelegatingMethodAccessorImpl.java:43)
	at java.lang.reflect.Method.invoke(Method.java:497)
	at org.apache.openejb.core.interceptor.ReflectionInvocationContext$Invocation.invoke(ReflectionInvocationContext.java:192)
	at org.apache.openejb.core.interceptor.ReflectionInvocationContext.proceed(ReflectionInvocationContext.java:173)
	at org.apache.openejb.core.interceptor.InterceptorStack.invoke(InterceptorStack.java:85)
	at org.apache.openejb.core.stateless.StatelessContainer._invoke(StatelessContainer.java:227)
	at org.apache.openejb.core.stateless.StatelessContainer.invoke(StatelessContainer.java:194)
	at org.apache.openejb.core.ivm.EjbObjectProxyHandler.synchronizedBusinessMethod(EjbObjectProxyHandler.java:308)
	at org.apache.openejb.core.ivm.EjbObjectProxyHandler.businessMethod(EjbObjectProxyHandler.java:303)
	at org.apache.openejb.core.ivm.EjbObjectProxyHandler._invoke(EjbObjectProxyHandler.java:92)
	at org.apache.openejb.core.ivm.BaseEjbProxyHandler.invoke(BaseEjbProxyHandler.java:308)
	... 49 more
Caused by: org.apache.openjpa.lib.jdbc.ReportingSQLException: unexpected token: ORDER {stmnt 609110541 CREATE TABLE Order (id BIGINT NOT NULL, PRIMARY KEY (id))} [code=-5581, state=42581]
	at org.apache.openjpa.lib.jdbc.LoggingConnectionDecorator.wrap(LoggingConnectionDecorator.java:219)
	at org.apache.openjpa.lib.jdbc.LoggingConnectionDecorator.wrap(LoggingConnectionDecorator.java:203)
	at org.apache.openjpa.lib.jdbc.LoggingConnectionDecorator.access$700(LoggingConnectionDecorator.java:59)
	at org.apache.openjpa.lib.jdbc.LoggingConnectionDecorator$LoggingConnection$LoggingStatement.executeUpdate(LoggingConnectionDecorator.java:914)
	at org.apache.openjpa.lib.jdbc.DelegatingStatement.executeUpdate(DelegatingStatement.java:118)
	at org.apache.openjpa.jdbc.schema.SchemaTool.executeSQL(SchemaTool.java:1231)
	at org.apache.openjpa.jdbc.schema.SchemaTool.createTable(SchemaTool.java:976)
	at org.apache.openjpa.jdbc.schema.SchemaTool.add(SchemaTool.java:552)
	at org.apache.openjpa.jdbc.schema.SchemaTool.add(SchemaTool.java:364)
	at org.apache.openjpa.jdbc.schema.SchemaTool.run(SchemaTool.java:341)
	at org.apache.openjpa.jdbc.meta.MappingTool.record(MappingTool.java:505)
	... 85 more

avr. 28, 2016 12:45:23 AM org.apache.catalina.core.ApplicationDispatcher invoke
GRAVE: "Servlet.service()" pour la servlet jsp a lancé une exception
org.apache.jasper.JasperException: Impossible de compiler la classe pour la JSP: 

Une erreur s'est produite à la ligne: 6 dans le fichier jsp: /booksList.jsp
List cannot be resolved to a type
3:     <%@ page pageEncoding="UTF-8" %>
4:     <body>
5:     	<%
6:             List<Book> books = List<Book> request.getAttribute("books");
7:             for(Book b : books){
8:             	out.println(b.getTitle());
9: 	    		out.println(" de " + b.getAuthor());


Une erreur s'est produite à la ligne: 6 dans le fichier jsp: /booksList.jsp
Book cannot be resolved to a type
3:     <%@ page pageEncoding="UTF-8" %>
4:     <body>
5:     	<%
6:             List<Book> books = List<Book> request.getAttribute("books");
7:             for(Book b : books){
8:             	out.println(b.getTitle());
9: 	    		out.println(" de " + b.getAuthor());


Une erreur s'est produite à la ligne: 6 dans le fichier jsp: /booksList.jsp
List cannot be resolved to a variable
3:     <%@ page pageEncoding="UTF-8" %>
4:     <body>
5:     	<%
6:             List<Book> books = List<Book> request.getAttribute("books");
7:             for(Book b : books){
8:             	out.println(b.getTitle());
9: 	    		out.println(" de " + b.getAuthor());


Une erreur s'est produite à la ligne: 6 dans le fichier jsp: /booksList.jsp
Book cannot be resolved to a variable
3:     <%@ page pageEncoding="UTF-8" %>
4:     <body>
5:     	<%
6:             List<Book> books = List<Book> request.getAttribute("books");
7:             for(Book b : books){
8:             	out.println(b.getTitle());
9: 	    		out.println(" de " + b.getAuthor());


Une erreur s'est produite à la ligne: 7 dans le fichier jsp: /booksList.jsp
Book cannot be resolved to a type
4:     <body>
5:     	<%
6:             List<Book> books = List<Book> request.getAttribute("books");
7:             for(Book b : books){
8:             	out.println(b.getTitle());
9: 	    		out.println(" de " + b.getAuthor());
10: 	    		out.println(" écrit en " + b.getYear() + "<br />");


Stacktrace:
	at org.apache.jasper.compiler.DefaultErrorHandler.javacError(DefaultErrorHandler.java:103)
	at org.apache.jasper.compiler.ErrorDispatcher.javacError(ErrorDispatcher.java:366)
	at org.apache.jasper.compiler.JDTCompiler.generateClass(JDTCompiler.java:476)
	at org.apache.jasper.compiler.Compiler.compile(Compiler.java:378)
	at org.apache.jasper.compiler.Compiler.compile(Compiler.java:353)
	at org.apache.jasper.compiler.Compiler.compile(Compiler.java:340)
	at org.apache.jasper.JspCompilationContext.compile(JspCompilationContext.java:657)
	at org.apache.jasper.servlet.JspServletWrapper.service(JspServletWrapper.java:357)
	at org.apache.jasper.servlet.JspServlet.serviceJspFile(JspServlet.java:390)
	at org.apache.jasper.servlet.JspServlet.service(JspServlet.java:334)
	at javax.servlet.http.HttpServlet.service(HttpServlet.java:727)
	at org.apache.catalina.core.ApplicationFilterChain.internalDoFilter(ApplicationFilterChain.java:303)
	at org.apache.catalina.core.ApplicationFilterChain.doFilter(ApplicationFilterChain.java:208)
	at org.apache.tomcat.websocket.server.WsFilter.doFilter(WsFilter.java:52)
	at org.apache.catalina.core.ApplicationFilterChain.internalDoFilter(ApplicationFilterChain.java:241)
	at org.apache.catalina.core.ApplicationFilterChain.doFilter(ApplicationFilterChain.java:208)
	at org.apache.catalina.core.ApplicationDispatcher.invoke(ApplicationDispatcher.java:748)
	at org.apache.catalina.core.ApplicationDispatcher.processRequest(ApplicationDispatcher.java:486)
	at org.apache.catalina.core.ApplicationDispatcher.doForward(ApplicationDispatcher.java:411)
	at org.apache.catalina.core.ApplicationDispatcher.forward(ApplicationDispatcher.java:338)
	at ServletDisplayBooks.doGet(ServletDisplayBooks.java:36)
	at javax.servlet.http.HttpServlet.service(HttpServlet.java:620)
	at javax.servlet.http.HttpServlet.service(HttpServlet.java:727)
	at org.apache.catalina.core.ApplicationFilterChain.internalDoFilter(ApplicationFilterChain.java:303)
	at org.apache.catalina.core.ApplicationFilterChain.doFilter(ApplicationFilterChain.java:208)
	at org.apache.tomcat.websocket.server.WsFilter.doFilter(WsFilter.java:52)
	at org.apache.catalina.core.ApplicationFilterChain.internalDoFilter(ApplicationFilterChain.java:241)
	at org.apache.catalina.core.ApplicationFilterChain.doFilter(ApplicationFilterChain.java:208)
	at org.apache.catalina.core.StandardWrapperValve.invoke(StandardWrapperValve.java:220)
	at org.apache.catalina.core.StandardContextValve.invoke(StandardContextValve.java:122)
	at org.apache.tomee.catalina.OpenEJBValve.invoke(OpenEJBValve.java:44)
	at org.apache.tomee.catalina.OpenEJBValve.invoke(OpenEJBValve.java:44)
	at org.apache.tomee.catalina.OpenEJBValve.invoke(OpenEJBValve.java:44)
	at org.apache.tomee.catalina.OpenEJBValve.invoke(OpenEJBValve.java:44)
	at org.apache.tomee.catalina.OpenEJBValve.invoke(OpenEJBValve.java:44)
	at org.apache.tomee.catalina.OpenEJBValve.invoke(OpenEJBValve.java:44)
	at org.apache.tomee.catalina.OpenEJBValve.invoke(OpenEJBValve.java:44)
	at org.apache.tomee.catalina.OpenEJBValve.invoke(OpenEJBValve.java:44)
	at org.apache.tomee.catalina.OpenEJBValve.invoke(OpenEJBValve.java:44)
	at org.apache.tomee.catalina.OpenEJBValve.invoke(OpenEJBValve.java:44)
	at org.apache.tomee.catalina.OpenEJBValve.invoke(OpenEJBValve.java:44)
	at org.apache.tomee.catalina.OpenEJBValve.invoke(OpenEJBValve.java:44)
	at org.apache.tomee.catalina.OpenEJBValve.invoke(OpenEJBValve.java:44)
	at org.apache.tomee.catalina.OpenEJBValve.invoke(OpenEJBValve.java:44)
	at org.apache.tomee.catalina.OpenEJBValve.invoke(OpenEJBValve.java:44)
	at org.apache.tomee.catalina.OpenEJBValve.invoke(OpenEJBValve.java:44)
	at org.apache.tomee.catalina.OpenEJBValve.invoke(OpenEJBValve.java:44)
	at org.apache.tomee.catalina.OpenEJBValve.invoke(OpenEJBValve.java:44)
	at org.apache.tomee.catalina.OpenEJBValve.invoke(OpenEJBValve.java:44)
	at org.apache.tomee.catalina.OpenEJBValve.invoke(OpenEJBValve.java:44)
	at org.apache.tomee.catalina.OpenEJBValve.invoke(OpenEJBValve.java:44)
	at org.apache.tomee.catalina.OpenEJBValve.invoke(OpenEJBValve.java:44)
	at org.apache.tomee.catalina.OpenEJBValve.invoke(OpenEJBValve.java:44)
	at org.apache.tomee.catalina.OpenEJBValve.invoke(OpenEJBValve.java:44)
	at org.apache.tomee.catalina.OpenEJBValve.invoke(OpenEJBValve.java:44)
	at org.apache.catalina.authenticator.AuthenticatorBase.invoke(AuthenticatorBase.java:501)
	at org.apache.catalina.core.StandardHostValve.invoke(StandardHostValve.java:171)
	at org.apache.catalina.valves.ErrorReportValve.invoke(ErrorReportValve.java:103)
	at org.apache.catalina.valves.AccessLogValve.invoke(AccessLogValve.java:950)
	at org.apache.catalina.core.StandardEngineValve.invoke(StandardEngineValve.java:116)
	at org.apache.catalina.connector.CoyoteAdapter.service(CoyoteAdapter.java:408)
	at org.apache.coyote.http11.AbstractHttp11Processor.process(AbstractHttp11Processor.java:1070)
	at org.apache.coyote.AbstractProtocol$AbstractConnectionHandler.process(AbstractProtocol.java:611)
	at org.apache.tomcat.util.net.JIoEndpoint$SocketProcessor.run(JIoEndpoint.java:314)
	at java.util.concurrent.ThreadPoolExecutor.runWorker(ThreadPoolExecutor.java:1142)
	at java.util.concurrent.ThreadPoolExecutor$Worker.run(ThreadPoolExecutor.java:617)
	at org.apache.tomcat.util.threads.TaskThread$WrappingRunnable.run(TaskThread.java:61)
	at java.lang.Thread.run(Thread.java:745)

avr. 28, 2016 12:45:23 AM org.apache.catalina.core.StandardWrapperValve invoke
GRAVE: Servlet.service() for servlet [ServletDisplayBooks] in context with path [] threw exception [Impossible de compiler la classe pour la JSP: 

Une erreur s'est produite à la ligne: 6 dans le fichier jsp: /booksList.jsp
List cannot be resolved to a type
3:     <%@ page pageEncoding="UTF-8" %>
4:     <body>
5:     	<%
6:             List<Book> books = List<Book> request.getAttribute("books");
7:             for(Book b : books){
8:             	out.println(b.getTitle());
9: 	    		out.println(" de " + b.getAuthor());


Une erreur s'est produite à la ligne: 6 dans le fichier jsp: /booksList.jsp
Book cannot be resolved to a type
3:     <%@ page pageEncoding="UTF-8" %>
4:     <body>
5:     	<%
6:             List<Book> books = List<Book> request.getAttribute("books");
7:             for(Book b : books){
8:             	out.println(b.getTitle());
9: 	    		out.println(" de " + b.getAuthor());


Une erreur s'est produite à la ligne: 6 dans le fichier jsp: /booksList.jsp
List cannot be resolved to a variable
3:     <%@ page pageEncoding="UTF-8" %>
4:     <body>
5:     	<%
6:             List<Book> books = List<Book> request.getAttribute("books");
7:             for(Book b : books){
8:             	out.println(b.getTitle());
9: 	    		out.println(" de " + b.getAuthor());


Une erreur s'est produite à la ligne: 6 dans le fichier jsp: /booksList.jsp
Book cannot be resolved to a variable
3:     <%@ page pageEncoding="UTF-8" %>
4:     <body>
5:     	<%
6:             List<Book> books = List<Book> request.getAttribute("books");
7:             for(Book b : books){
8:             	out.println(b.getTitle());
9: 	    		out.println(" de " + b.getAuthor());


Une erreur s'est produite à la ligne: 7 dans le fichier jsp: /booksList.jsp
Book cannot be resolved to a type
4:     <body>
5:     	<%
6:             List<Book> books = List<Book> request.getAttribute("books");
7:             for(Book b : books){
8:             	out.println(b.getTitle());
9: 	    		out.println(" de " + b.getAuthor());
10: 	    		out.println(" écrit en " + b.getYear() + "<br />");


Stacktrace:] with root cause
org.apache.jasper.JasperException: Impossible de compiler la classe pour la JSP: 

Une erreur s'est produite à la ligne: 6 dans le fichier jsp: /booksList.jsp
List cannot be resolved to a type
3:     <%@ page pageEncoding="UTF-8" %>
4:     <body>
5:     	<%
6:             List<Book> books = List<Book> request.getAttribute("books");
7:             for(Book b : books){
8:             	out.println(b.getTitle());
9: 	    		out.println(" de " + b.getAuthor());


Une erreur s'est produite à la ligne: 6 dans le fichier jsp: /booksList.jsp
Book cannot be resolved to a type
3:     <%@ page pageEncoding="UTF-8" %>
4:     <body>
5:     	<%
6:             List<Book> books = List<Book> request.getAttribute("books");
7:             for(Book b : books){
8:             	out.println(b.getTitle());
9: 	    		out.println(" de " + b.getAuthor());


Une erreur s'est produite à la ligne: 6 dans le fichier jsp: /booksList.jsp
List cannot be resolved to a variable
3:     <%@ page pageEncoding="UTF-8" %>
4:     <body>
5:     	<%
6:             List<Book> books = List<Book> request.getAttribute("books");
7:             for(Book b : books){
8:             	out.println(b.getTitle());
9: 	    		out.println(" de " + b.getAuthor());


Une erreur s'est produite à la ligne: 6 dans le fichier jsp: /booksList.jsp
Book cannot be resolved to a variable
3:     <%@ page pageEncoding="UTF-8" %>
4:     <body>
5:     	<%
6:             List<Book> books = List<Book> request.getAttribute("books");
7:             for(Book b : books){
8:             	out.println(b.getTitle());
9: 	    		out.println(" de " + b.getAuthor());


Une erreur s'est produite à la ligne: 7 dans le fichier jsp: /booksList.jsp
Book cannot be resolved to a type
4:     <body>
5:     	<%
6:             List<Book> books = List<Book> request.getAttribute("books");
7:             for(Book b : books){
8:             	out.println(b.getTitle());
9: 	    		out.println(" de " + b.getAuthor());
10: 	    		out.println(" écrit en " + b.getYear() + "<br />");


Stacktrace:
	at org.apache.jasper.compiler.DefaultErrorHandler.javacError(DefaultErrorHandler.java:103)
	at org.apache.jasper.compiler.ErrorDispatcher.javacError(ErrorDispatcher.java:366)
	at org.apache.jasper.compiler.JDTCompiler.generateClass(JDTCompiler.java:476)
	at org.apache.jasper.compiler.Compiler.compile(Compiler.java:378)
	at org.apache.jasper.compiler.Compiler.compile(Compiler.java:353)
	at org.apache.jasper.compiler.Compiler.compile(Compiler.java:340)
	at org.apache.jasper.JspCompilationContext.compile(JspCompilationContext.java:657)
	at org.apache.jasper.servlet.JspServletWrapper.service(JspServletWrapper.java:357)
	at org.apache.jasper.servlet.JspServlet.serviceJspFile(JspServlet.java:390)
	at org.apache.jasper.servlet.JspServlet.service(JspServlet.java:334)
	at javax.servlet.http.HttpServlet.service(HttpServlet.java:727)
	at org.apache.catalina.core.ApplicationFilterChain.internalDoFilter(ApplicationFilterChain.java:303)
	at org.apache.catalina.core.ApplicationFilterChain.doFilter(ApplicationFilterChain.java:208)
	at org.apache.tomcat.websocket.server.WsFilter.doFilter(WsFilter.java:52)
	at org.apache.catalina.core.ApplicationFilterChain.internalDoFilter(ApplicationFilterChain.java:241)
	at org.apache.catalina.core.ApplicationFilterChain.doFilter(ApplicationFilterChain.java:208)
	at org.apache.catalina.core.ApplicationDispatcher.invoke(ApplicationDispatcher.java:748)
	at org.apache.catalina.core.ApplicationDispatcher.processRequest(ApplicationDispatcher.java:486)
	at org.apache.catalina.core.ApplicationDispatcher.doForward(ApplicationDispatcher.java:411)
	at org.apache.catalina.core.ApplicationDispatcher.forward(ApplicationDispatcher.java:338)
	at ServletDisplayBooks.doGet(ServletDisplayBooks.java:36)
	at javax.servlet.http.HttpServlet.service(HttpServlet.java:620)
	at javax.servlet.http.HttpServlet.service(HttpServlet.java:727)
	at org.apache.catalina.core.ApplicationFilterChain.internalDoFilter(ApplicationFilterChain.java:303)
	at org.apache.catalina.core.ApplicationFilterChain.doFilter(ApplicationFilterChain.java:208)
	at org.apache.tomcat.websocket.server.WsFilter.doFilter(WsFilter.java:52)
	at org.apache.catalina.core.ApplicationFilterChain.internalDoFilter(ApplicationFilterChain.java:241)
	at org.apache.catalina.core.ApplicationFilterChain.doFilter(ApplicationFilterChain.java:208)
	at org.apache.catalina.core.StandardWrapperValve.invoke(StandardWrapperValve.java:220)
	at org.apache.catalina.core.StandardContextValve.invoke(StandardContextValve.java:122)
	at org.apache.tomee.catalina.OpenEJBValve.invoke(OpenEJBValve.java:44)
	at org.apache.tomee.catalina.OpenEJBValve.invoke(OpenEJBValve.java:44)
	at org.apache.tomee.catalina.OpenEJBValve.invoke(OpenEJBValve.java:44)
	at org.apache.tomee.catalina.OpenEJBValve.invoke(OpenEJBValve.java:44)
	at org.apache.tomee.catalina.OpenEJBValve.invoke(OpenEJBValve.java:44)
	at org.apache.tomee.catalina.OpenEJBValve.invoke(OpenEJBValve.java:44)
	at org.apache.tomee.catalina.OpenEJBValve.invoke(OpenEJBValve.java:44)
	at org.apache.tomee.catalina.OpenEJBValve.invoke(OpenEJBValve.java:44)
	at org.apache.tomee.catalina.OpenEJBValve.invoke(OpenEJBValve.java:44)
	at org.apache.tomee.catalina.OpenEJBValve.invoke(OpenEJBValve.java:44)
	at org.apache.tomee.catalina.OpenEJBValve.invoke(OpenEJBValve.java:44)
	at org.apache.tomee.catalina.OpenEJBValve.invoke(OpenEJBValve.java:44)
	at org.apache.tomee.catalina.OpenEJBValve.invoke(OpenEJBValve.java:44)
	at org.apache.tomee.catalina.OpenEJBValve.invoke(OpenEJBValve.java:44)
	at org.apache.tomee.catalina.OpenEJBValve.invoke(OpenEJBValve.java:44)
	at org.apache.tomee.catalina.OpenEJBValve.invoke(OpenEJBValve.java:44)
	at org.apache.tomee.catalina.OpenEJBValve.invoke(OpenEJBValve.java:44)
	at org.apache.tomee.catalina.OpenEJBValve.invoke(OpenEJBValve.java:44)
	at org.apache.tomee.catalina.OpenEJBValve.invoke(OpenEJBValve.java:44)
	at org.apache.tomee.catalina.OpenEJBValve.invoke(OpenEJBValve.java:44)
	at org.apache.tomee.catalina.OpenEJBValve.invoke(OpenEJBValve.java:44)
	at org.apache.tomee.catalina.OpenEJBValve.invoke(OpenEJBValve.java:44)
	at org.apache.tomee.catalina.OpenEJBValve.invoke(OpenEJBValve.java:44)
	at org.apache.tomee.catalina.OpenEJBValve.invoke(OpenEJBValve.java:44)
	at org.apache.tomee.catalina.OpenEJBValve.invoke(OpenEJBValve.java:44)
	at org.apache.catalina.authenticator.AuthenticatorBase.invoke(AuthenticatorBase.java:501)
	at org.apache.catalina.core.StandardHostValve.invoke(StandardHostValve.java:171)
	at org.apache.catalina.valves.ErrorReportValve.invoke(ErrorReportValve.java:103)
	at org.apache.catalina.valves.AccessLogValve.invoke(AccessLogValve.java:950)
	at org.apache.catalina.core.StandardEngineValve.invoke(StandardEngineValve.java:116)
	at org.apache.catalina.connector.CoyoteAdapter.service(CoyoteAdapter.java:408)
	at org.apache.coyote.http11.AbstractHttp11Processor.process(AbstractHttp11Processor.java:1070)
	at org.apache.coyote.AbstractProtocol$AbstractConnectionHandler.process(AbstractProtocol.java:611)
	at org.apache.tomcat.util.net.JIoEndpoint$SocketProcessor.run(JIoEndpoint.java:314)
	at java.util.concurrent.ThreadPoolExecutor.runWorker(ThreadPoolExecutor.java:1142)
	at java.util.concurrent.ThreadPoolExecutor$Worker.run(ThreadPoolExecutor.java:617)
	at org.apache.tomcat.util.threads.TaskThread$WrappingRunnable.run(TaskThread.java:61)
	at java.lang.Thread.run(Thread.java:745)

