avr. 21, 2016 12:00:53 PM org.apache.catalina.core.StandardWrapperValve invoke
GRAVE: Servlet.service() for servlet [jsp] in context with path [] threw exception [Impossible de compiler la classe pour la JSP: 

Une erreur s'est produite à la ligne: 10 dans le fichier jsp: /reception.jsp
Syntax error, insert ")" to complete MethodInvocation
7:     </head>
8:     <body>
9:     	<%=
10:     		request.getParameter("titre")
11:     		request.getParameter("auteur")
12:     		request.getParameter("annee")
13:     	%>


Une erreur s'est produite à la ligne: 10 dans le fichier jsp: /reception.jsp
Syntax error, insert ";" to complete Statement
7:     </head>
8:     <body>
9:     	<%=
10:     		request.getParameter("titre")
11:     		request.getParameter("auteur")
12:     		request.getParameter("annee")
13:     	%>


Une erreur s'est produite à la ligne: 11 dans le fichier jsp: /reception.jsp
Syntax error on token ")", . expected
8:     <body>
9:     	<%=
10:     		request.getParameter("titre")
11:     		request.getParameter("auteur")
12:     		request.getParameter("annee")
13:     	%>
14:     </body>


Une erreur s'est produite à la ligne: 12 dans le fichier jsp: /reception.jsp
request cannot be resolved or is not a field
9:     	<%=
10:     		request.getParameter("titre")
11:     		request.getParameter("auteur")
12:     		request.getParameter("annee")
13:     	%>
14:     </body>
15: </html>


Stacktrace:] with root cause
org.apache.jasper.JasperException: Impossible de compiler la classe pour la JSP: 

Une erreur s'est produite à la ligne: 10 dans le fichier jsp: /reception.jsp
Syntax error, insert ")" to complete MethodInvocation
7:     </head>
8:     <body>
9:     	<%=
10:     		request.getParameter("titre")
11:     		request.getParameter("auteur")
12:     		request.getParameter("annee")
13:     	%>


Une erreur s'est produite à la ligne: 10 dans le fichier jsp: /reception.jsp
Syntax error, insert ";" to complete Statement
7:     </head>
8:     <body>
9:     	<%=
10:     		request.getParameter("titre")
11:     		request.getParameter("auteur")
12:     		request.getParameter("annee")
13:     	%>


Une erreur s'est produite à la ligne: 11 dans le fichier jsp: /reception.jsp
Syntax error on token ")", . expected
8:     <body>
9:     	<%=
10:     		request.getParameter("titre")
11:     		request.getParameter("auteur")
12:     		request.getParameter("annee")
13:     	%>
14:     </body>


Une erreur s'est produite à la ligne: 12 dans le fichier jsp: /reception.jsp
request cannot be resolved or is not a field
9:     	<%=
10:     		request.getParameter("titre")
11:     		request.getParameter("auteur")
12:     		request.getParameter("annee")
13:     	%>
14:     </body>
15: </html>


Stacktrace:
	at org.apache.jasper.compiler.DefaultErrorHandler.javacError(DefaultErrorHandler.java:103)
	at org.apache.jasper.compiler.ErrorDispatcher.javacError(ErrorDispatcher.java:366)
	at org.apache.jasper.compiler.JDTCompiler.generateClass(JDTCompiler.java:476)
	at org.apache.jasper.compiler.Compiler.compile(Compiler.java:378)
	at org.apache.jasper.compiler.Compiler.compile(Compiler.java:353)
	at org.apache.jasper.compiler.Compiler.compile(Compiler.java:340)
	at org.apache.jasper.JspCompilationContext.compile(JspCompilationContext.java:657)
	at org.apache.jasper.servlet.JspServletWrapper.service(JspServletWrapper.java:357)
	at org.apache.jasper.servlet.JspServlet.serviceJspFile(JspServlet.java:390)
	at org.apache.jasper.servlet.JspServlet.service(JspServlet.java:334)
	at javax.servlet.http.HttpServlet.service(HttpServlet.java:727)
	at org.apache.catalina.core.ApplicationFilterChain.internalDoFilter(ApplicationFilterChain.java:303)
	at org.apache.catalina.core.ApplicationFilterChain.doFilter(ApplicationFilterChain.java:208)
	at org.apache.tomcat.websocket.server.WsFilter.doFilter(WsFilter.java:52)
	at org.apache.catalina.core.ApplicationFilterChain.internalDoFilter(ApplicationFilterChain.java:241)
	at org.apache.catalina.core.ApplicationFilterChain.doFilter(ApplicationFilterChain.java:208)
	at org.apache.catalina.core.StandardWrapperValve.invoke(StandardWrapperValve.java:220)
	at org.apache.catalina.core.StandardContextValve.invoke(StandardContextValve.java:122)
	at org.apache.tomee.catalina.OpenEJBValve.invoke(OpenEJBValve.java:44)
	at org.apache.catalina.authenticator.AuthenticatorBase.invoke(AuthenticatorBase.java:501)
	at org.apache.catalina.core.StandardHostValve.invoke(StandardHostValve.java:171)
	at org.apache.catalina.valves.ErrorReportValve.invoke(ErrorReportValve.java:103)
	at org.apache.catalina.valves.AccessLogValve.invoke(AccessLogValve.java:950)
	at org.apache.catalina.core.StandardEngineValve.invoke(StandardEngineValve.java:116)
	at org.apache.catalina.connector.CoyoteAdapter.service(CoyoteAdapter.java:408)
	at org.apache.coyote.http11.AbstractHttp11Processor.process(AbstractHttp11Processor.java:1070)
	at org.apache.coyote.AbstractProtocol$AbstractConnectionHandler.process(AbstractProtocol.java:611)
	at org.apache.tomcat.util.net.JIoEndpoint$SocketProcessor.run(JIoEndpoint.java:316)
	at java.util.concurrent.ThreadPoolExecutor.runWorker(ThreadPoolExecutor.java:1142)
	at java.util.concurrent.ThreadPoolExecutor$Worker.run(ThreadPoolExecutor.java:617)
	at org.apache.tomcat.util.threads.TaskThread$WrappingRunnable.run(TaskThread.java:61)
	at java.lang.Thread.run(Thread.java:745)

avr. 21, 2016 12:02:45 PM org.apache.catalina.core.StandardWrapperValve invoke
GRAVE: Servlet.service() for servlet [jsp] in context with path [] threw exception [Impossible de compiler la classe pour la JSP: 

Une erreur s'est produite à la ligne: 10 dans le fichier jsp: /formulaire.jsp
Syntax error, insert ")" to complete MethodInvocation
7:     </head>
8:     <body>
9:     	<%=
10:     		request.getParameter("titre")
11:     		request.getParameter("auteur")
12:     		request.getParameter("annee")
13:     	%>


Une erreur s'est produite à la ligne: 10 dans le fichier jsp: /formulaire.jsp
Syntax error, insert ";" to complete Statement
7:     </head>
8:     <body>
9:     	<%=
10:     		request.getParameter("titre")
11:     		request.getParameter("auteur")
12:     		request.getParameter("annee")
13:     	%>


Une erreur s'est produite à la ligne: 11 dans le fichier jsp: /formulaire.jsp
Syntax error on token ")", . expected
8:     <body>
9:     	<%=
10:     		request.getParameter("titre")
11:     		request.getParameter("auteur")
12:     		request.getParameter("annee")
13:     	%>
14:     </body>


Une erreur s'est produite à la ligne: 12 dans le fichier jsp: /formulaire.jsp
request cannot be resolved or is not a field
9:     	<%=
10:     		request.getParameter("titre")
11:     		request.getParameter("auteur")
12:     		request.getParameter("annee")
13:     	%>
14:     </body>
15: </html>


Stacktrace:] with root cause
org.apache.jasper.JasperException: Impossible de compiler la classe pour la JSP: 

Une erreur s'est produite à la ligne: 10 dans le fichier jsp: /formulaire.jsp
Syntax error, insert ")" to complete MethodInvocation
7:     </head>
8:     <body>
9:     	<%=
10:     		request.getParameter("titre")
11:     		request.getParameter("auteur")
12:     		request.getParameter("annee")
13:     	%>


Une erreur s'est produite à la ligne: 10 dans le fichier jsp: /formulaire.jsp
Syntax error, insert ";" to complete Statement
7:     </head>
8:     <body>
9:     	<%=
10:     		request.getParameter("titre")
11:     		request.getParameter("auteur")
12:     		request.getParameter("annee")
13:     	%>


Une erreur s'est produite à la ligne: 11 dans le fichier jsp: /formulaire.jsp
Syntax error on token ")", . expected
8:     <body>
9:     	<%=
10:     		request.getParameter("titre")
11:     		request.getParameter("auteur")
12:     		request.getParameter("annee")
13:     	%>
14:     </body>


Une erreur s'est produite à la ligne: 12 dans le fichier jsp: /formulaire.jsp
request cannot be resolved or is not a field
9:     	<%=
10:     		request.getParameter("titre")
11:     		request.getParameter("auteur")
12:     		request.getParameter("annee")
13:     	%>
14:     </body>
15: </html>


Stacktrace:
	at org.apache.jasper.compiler.DefaultErrorHandler.javacError(DefaultErrorHandler.java:103)
	at org.apache.jasper.compiler.ErrorDispatcher.javacError(ErrorDispatcher.java:366)
	at org.apache.jasper.compiler.JDTCompiler.generateClass(JDTCompiler.java:476)
	at org.apache.jasper.compiler.Compiler.compile(Compiler.java:378)
	at org.apache.jasper.compiler.Compiler.compile(Compiler.java:353)
	at org.apache.jasper.compiler.Compiler.compile(Compiler.java:340)
	at org.apache.jasper.JspCompilationContext.compile(JspCompilationContext.java:657)
	at org.apache.jasper.servlet.JspServletWrapper.service(JspServletWrapper.java:357)
	at org.apache.jasper.servlet.JspServlet.serviceJspFile(JspServlet.java:390)
	at org.apache.jasper.servlet.JspServlet.service(JspServlet.java:334)
	at javax.servlet.http.HttpServlet.service(HttpServlet.java:727)
	at org.apache.catalina.core.ApplicationFilterChain.internalDoFilter(ApplicationFilterChain.java:303)
	at org.apache.catalina.core.ApplicationFilterChain.doFilter(ApplicationFilterChain.java:208)
	at org.apache.tomcat.websocket.server.WsFilter.doFilter(WsFilter.java:52)
	at org.apache.catalina.core.ApplicationFilterChain.internalDoFilter(ApplicationFilterChain.java:241)
	at org.apache.catalina.core.ApplicationFilterChain.doFilter(ApplicationFilterChain.java:208)
	at org.apache.catalina.core.StandardWrapperValve.invoke(StandardWrapperValve.java:220)
	at org.apache.catalina.core.StandardContextValve.invoke(StandardContextValve.java:122)
	at org.apache.tomee.catalina.OpenEJBValve.invoke(OpenEJBValve.java:44)
	at org.apache.catalina.authenticator.AuthenticatorBase.invoke(AuthenticatorBase.java:501)
	at org.apache.catalina.core.StandardHostValve.invoke(StandardHostValve.java:171)
	at org.apache.catalina.valves.ErrorReportValve.invoke(ErrorReportValve.java:103)
	at org.apache.catalina.valves.AccessLogValve.invoke(AccessLogValve.java:950)
	at org.apache.catalina.core.StandardEngineValve.invoke(StandardEngineValve.java:116)
	at org.apache.catalina.connector.CoyoteAdapter.service(CoyoteAdapter.java:408)
	at org.apache.coyote.http11.AbstractHttp11Processor.process(AbstractHttp11Processor.java:1070)
	at org.apache.coyote.AbstractProtocol$AbstractConnectionHandler.process(AbstractProtocol.java:611)
	at org.apache.tomcat.util.net.JIoEndpoint$SocketProcessor.run(JIoEndpoint.java:316)
	at java.util.concurrent.ThreadPoolExecutor.runWorker(ThreadPoolExecutor.java:1142)
	at java.util.concurrent.ThreadPoolExecutor$Worker.run(ThreadPoolExecutor.java:617)
	at org.apache.tomcat.util.threads.TaskThread$WrappingRunnable.run(TaskThread.java:61)
	at java.lang.Thread.run(Thread.java:745)

avr. 21, 2016 12:03:06 PM org.apache.catalina.core.StandardWrapperValve invoke
GRAVE: Servlet.service() for servlet [jsp] in context with path [] threw exception [Impossible de compiler la classe pour la JSP: 

Une erreur s'est produite à la ligne: 10 dans le fichier jsp: /formulaire.jsp
Syntax error, insert ";" to complete Statement
7:     </head>
8:     <body>
9:     	<%
10:     		request.getParameter("titre")
11:     		request.getParameter("auteur")
12:     		request.getParameter("annee")
13:     	%>


Une erreur s'est produite à la ligne: 11 dans le fichier jsp: /formulaire.jsp
Syntax error, insert ";" to complete Statement
8:     <body>
9:     	<%
10:     		request.getParameter("titre")
11:     		request.getParameter("auteur")
12:     		request.getParameter("annee")
13:     	%>
14:     </body>


Une erreur s'est produite à la ligne: 12 dans le fichier jsp: /formulaire.jsp
Syntax error, insert ";" to complete Statement
9:     	<%
10:     		request.getParameter("titre")
11:     		request.getParameter("auteur")
12:     		request.getParameter("annee")
13:     	%>
14:     </body>
15: </html>


Stacktrace:] with root cause
org.apache.jasper.JasperException: Impossible de compiler la classe pour la JSP: 

Une erreur s'est produite à la ligne: 10 dans le fichier jsp: /formulaire.jsp
Syntax error, insert ";" to complete Statement
7:     </head>
8:     <body>
9:     	<%
10:     		request.getParameter("titre")
11:     		request.getParameter("auteur")
12:     		request.getParameter("annee")
13:     	%>


Une erreur s'est produite à la ligne: 11 dans le fichier jsp: /formulaire.jsp
Syntax error, insert ";" to complete Statement
8:     <body>
9:     	<%
10:     		request.getParameter("titre")
11:     		request.getParameter("auteur")
12:     		request.getParameter("annee")
13:     	%>
14:     </body>


Une erreur s'est produite à la ligne: 12 dans le fichier jsp: /formulaire.jsp
Syntax error, insert ";" to complete Statement
9:     	<%
10:     		request.getParameter("titre")
11:     		request.getParameter("auteur")
12:     		request.getParameter("annee")
13:     	%>
14:     </body>
15: </html>


Stacktrace:
	at org.apache.jasper.compiler.DefaultErrorHandler.javacError(DefaultErrorHandler.java:103)
	at org.apache.jasper.compiler.ErrorDispatcher.javacError(ErrorDispatcher.java:366)
	at org.apache.jasper.compiler.JDTCompiler.generateClass(JDTCompiler.java:476)
	at org.apache.jasper.compiler.Compiler.compile(Compiler.java:378)
	at org.apache.jasper.compiler.Compiler.compile(Compiler.java:353)
	at org.apache.jasper.compiler.Compiler.compile(Compiler.java:340)
	at org.apache.jasper.JspCompilationContext.compile(JspCompilationContext.java:657)
	at org.apache.jasper.servlet.JspServletWrapper.service(JspServletWrapper.java:357)
	at org.apache.jasper.servlet.JspServlet.serviceJspFile(JspServlet.java:390)
	at org.apache.jasper.servlet.JspServlet.service(JspServlet.java:334)
	at javax.servlet.http.HttpServlet.service(HttpServlet.java:727)
	at org.apache.catalina.core.ApplicationFilterChain.internalDoFilter(ApplicationFilterChain.java:303)
	at org.apache.catalina.core.ApplicationFilterChain.doFilter(ApplicationFilterChain.java:208)
	at org.apache.tomcat.websocket.server.WsFilter.doFilter(WsFilter.java:52)
	at org.apache.catalina.core.ApplicationFilterChain.internalDoFilter(ApplicationFilterChain.java:241)
	at org.apache.catalina.core.ApplicationFilterChain.doFilter(ApplicationFilterChain.java:208)
	at org.apache.catalina.core.StandardWrapperValve.invoke(StandardWrapperValve.java:220)
	at org.apache.catalina.core.StandardContextValve.invoke(StandardContextValve.java:122)
	at org.apache.tomee.catalina.OpenEJBValve.invoke(OpenEJBValve.java:44)
	at org.apache.catalina.authenticator.AuthenticatorBase.invoke(AuthenticatorBase.java:501)
	at org.apache.catalina.core.StandardHostValve.invoke(StandardHostValve.java:171)
	at org.apache.catalina.valves.ErrorReportValve.invoke(ErrorReportValve.java:103)
	at org.apache.catalina.valves.AccessLogValve.invoke(AccessLogValve.java:950)
	at org.apache.catalina.core.StandardEngineValve.invoke(StandardEngineValve.java:116)
	at org.apache.catalina.connector.CoyoteAdapter.service(CoyoteAdapter.java:408)
	at org.apache.coyote.http11.AbstractHttp11Processor.process(AbstractHttp11Processor.java:1070)
	at org.apache.coyote.AbstractProtocol$AbstractConnectionHandler.process(AbstractProtocol.java:611)
	at org.apache.tomcat.util.net.JIoEndpoint$SocketProcessor.run(JIoEndpoint.java:316)
	at java.util.concurrent.ThreadPoolExecutor.runWorker(ThreadPoolExecutor.java:1142)
	at java.util.concurrent.ThreadPoolExecutor$Worker.run(ThreadPoolExecutor.java:617)
	at org.apache.tomcat.util.threads.TaskThread$WrappingRunnable.run(TaskThread.java:61)
	at java.lang.Thread.run(Thread.java:745)

