/*C5*/SET SCHEMA PUBLIC
DELETE FROM BOOK WHERE ID=551
DELETE FROM BOOK WHERE ID=552
DELETE FROM BOOK WHERE ID=553
DELETE FROM BOOK WHERE ID=554
DELETE FROM BOOK WHERE ID=601
DELETE FROM BOOK WHERE ID=602
COMMIT
/*C7*/SET SCHEMA PUBLIC
DELETE FROM OPENJPA_SEQUENCE_TABLE WHERE ID=0
INSERT INTO OPENJPA_SEQUENCE_TABLE VALUES(0,701)
COMMIT
/*C5*/INSERT INTO BOOK VALUES(651,'Honore de Balzac','Le Pere Goriot',1792)
INSERT INTO BOOK VALUES(652,'Honore de Balzac','Les Chouans',1685)
INSERT INTO BOOK VALUES(653,'Victor Hugo','Les Miserables',1891)
COMMIT
INSERT INTO BOOK VALUES(654,'iozhefoihze','troirtoh',198)
COMMIT
DISCONNECT
/*C6*/SET SCHEMA PUBLIC
DISCONNECT
/*C7*/DISCONNECT
